[0.130s] Invoking command in '/home/thales/linorobot2/ros2_ws/build/hoverboard-driver-pkg': CMAKE_PREFIX_PATH=${CMAKE_PREFIX_PATH}:/home/thales/linorobot2/ros2_ws/install/bringup:/opt/ros/humble /usr/bin/cmake --build /home/thales/linorobot2/ros2_ws/build/hoverboard-driver-pkg -- -j4 -l4
[0.383s] [35m[1mConsolidate compiler generated dependencies of target hoverboard-driver[0m
[0.499s] [ 50%] [32mBuilding CXX object CMakeFiles/hoverboard-driver.dir/src/main.cpp.o[0m
[13.923s] [01m[K/home/thales/linorobot2/ros2_ws/src/hoverboard-driver-pkg/src/main.cpp:[m[K In member function â€˜[01m[Kvoid driver_node::protocol_recv(uint8_t)[m[Kâ€™:
[13.924s] [01m[K/home/thales/linorobot2/ros2_ws/src/hoverboard-driver-pkg/src/main.cpp:178:33:[m[K [01;31m[Kerror: [m[Kâ€˜[01m[Ktf2[m[Kâ€™ has not been declared
[13.925s]   178 |                                 [01;31m[Ktf2[m[K::Quaternion q;
[13.925s]       |                                 [01;31m[K^~~[m[K
[13.945s] [01m[K/home/thales/linorobot2/ros2_ws/src/hoverboard-driver-pkg/src/main.cpp:179:33:[m[K [01;31m[Kerror: [m[Kâ€˜[01m[Kq[m[Kâ€™ was not declared in this scope
[13.946s]   179 |                                 [01;31m[Kq[m[K.setRPY(0.0, 0.0, _heading);
[13.947s]       |                                 [01;31m[K^[m[K
[13.948s] In file included from [01m[K/opt/ros/humble/include/rcutils/rcutils/logging.h:27[m[K,
[13.950s]                  from [01m[K/opt/ros/humble/include/rmw/rmw/types.h:28[m[K,
[13.951s]                  from [01m[K/opt/ros/humble/include/rcl/rcl/types.h:20[m[K,
[13.951s]                  from [01m[K/opt/ros/humble/include/rcl/rcl/log_level.h:22[m[K,
[13.952s]                  from [01m[K/opt/ros/humble/include/rcl/rcl/arguments.h:21[m[K,
[13.952s]                  from [01m[K/opt/ros/humble/include/rcl/rcl/context.h:28[m[K,
[13.953s]                  from [01m[K/opt/ros/humble/include/rcl/rcl/guard_condition.h:26[m[K,
[13.955s]                  from [01m[K/opt/ros/humble/include/rclcpp/rclcpp/executor.hpp:30[m[K,
[13.956s]                  from [01m[K/opt/ros/humble/include/rclcpp/rclcpp/executors/multi_threaded_executor.hpp:25[m[K,
[13.957s]                  from [01m[K/opt/ros/humble/include/rclcpp/rclcpp/executors.hpp:21[m[K,
[13.958s]                  from [01m[K/opt/ros/humble/include/rclcpp/rclcpp/rclcpp.hpp:155[m[K,
[13.958s]                  from [01m[K/home/thales/linorobot2/ros2_ws/src/hoverboard-driver-pkg/src/main.cpp:1[m[K:
[13.959s] [01m[K/home/thales/linorobot2/ros2_ws/src/hoverboard-driver-pkg/src/main.cpp:185:73:[m[K [01;31m[Kerror: [m[Kinvalid use of member function â€˜[01m[Krclcpp::Time rclcpp::Node::now() const[m[Kâ€™ (did you forget the â€˜[01m[K()[m[Kâ€™ ?)
[13.959s]   185 |      odom_msg.header.stamp.sec = RCL_NS_TO_S([01;31m[Kn[m[Kow);
[13.960s]       |                                              [01;31m[K^[m[K
[13.960s] 
[13.961s] [01m[K/home/thales/linorobot2/ros2_ws/src/hoverboard-driver-pkg/src/main.cpp:186:65:[m[K [01;31m[Kerror: [m[Kinvalid use of member function â€˜[01m[Krclcpp::Time rclcpp::Node::now() const[m[Kâ€™ (did you forget the â€˜[01m[K()[m[Kâ€™ ?)
[13.961s]   186 |        odom_msg.header.stamp.nanosec = [01;31m[Know[m[K - RCL_S_TO_NS(odom_msg.header.stamp.sec);
[13.962s]       |                                        [01;31m[K^~~[m[K
[13.962s]       |                                           [32m[K()[m[K
[13.963s] [01m[K/home/thales/linorobot2/ros2_ws/src/hoverboard-driver-pkg/src/main.cpp:207:60:[m[K [01;31m[Kerror: [m[Kâ€˜[01m[KDBL_MAX[m[Kâ€™ was not declared in this scope
[13.963s]   207 |         odom_msg.pose.covariance[14] = [01;31m[KDBL_MAX[m[K;  // set a non-zero covariance on unused
[13.964s]       |                                        [01;31m[K^~~~~~~[m[K
[13.964s] 
[13.964s] [01m[K/home/thales/linorobot2/ros2_ws/src/hoverboard-driver-pkg/src/main.cpp:13:1:[m[K [01;36m[Knote: [m[Kâ€˜[01m[KDBL_MAX[m[Kâ€™ is defined in header â€˜[01m[K<cfloat>[m[Kâ€™; did you forget to â€˜[01m[K#include <cfloat>[m[Kâ€™?
[13.965s]    12 | #include <math.h>
[13.965s]   +++ |+[32m[K#include <cfloat>[m[K
[13.966s]    13 | 
[13.967s] [01m[K/home/thales/linorobot2/ros2_ws/src/hoverboard-driver-pkg/src/main.cpp:217:35:[m[K [01;31m[Kerror: [m[Kâ€˜[01m[Kusing SharedPtr = class std::shared_ptr<rclcpp::Publisher<nav_msgs::msg::Odometry_<std::allocator<void> > > >[m[Kâ€™ {aka â€˜[01m[Kclass std::shared_ptr<rclcpp::Publisher<nav_msgs::msg::Odometry_<std::allocator<void> > > >[m[Kâ€™} has no member named â€˜[01m[Kpublish[m[Kâ€™
[13.967s]   217 |                         _odom_pub.[01;31m[Kpublish[m[K(odom_msg);
[13.968s]       |                                   [01;31m[K^~~~~~~[m[K
[25.893s] gmake[2]: *** [CMakeFiles/hoverboard-driver.dir/build.make:76: CMakeFiles/hoverboard-driver.dir/src/main.cpp.o] Error 1
[25.896s] gmake[1]: *** [CMakeFiles/Makefile2:137: CMakeFiles/hoverboard-driver.dir/all] Error 2
[25.897s] gmake: *** [Makefile:146: all] Error 2
[25.904s] Invoked command in '/home/thales/linorobot2/ros2_ws/build/hoverboard-driver-pkg' returned '2': CMAKE_PREFIX_PATH=${CMAKE_PREFIX_PATH}:/home/thales/linorobot2/ros2_ws/install/bringup:/opt/ros/humble /usr/bin/cmake --build /home/thales/linorobot2/ros2_ws/build/hoverboard-driver-pkg -- -j4 -l4
