[01m[K/home/thales/linorobot2/ros2_ws/src/hoverboard-driver-pkg/src/main.cpp:[m[K In member function â€˜[01m[Kvoid driver_node::protocol_recv(uint8_t)[m[Kâ€™:
[01m[K/home/thales/linorobot2/ros2_ws/src/hoverboard-driver-pkg/src/main.cpp:178:33:[m[K [01;31m[Kerror: [m[Kâ€˜[01m[Ktf2[m[Kâ€™ has not been declared
  178 |                                 [01;31m[Ktf2[m[K::Quaternion q;
      |                                 [01;31m[K^~~[m[K
[01m[K/home/thales/linorobot2/ros2_ws/src/hoverboard-driver-pkg/src/main.cpp:179:33:[m[K [01;31m[Kerror: [m[Kâ€˜[01m[Kq[m[Kâ€™ was not declared in this scope
  179 |                                 [01;31m[Kq[m[K.setRPY(0.0, 0.0, _heading);
      |                                 [01;31m[K^[m[K
In file included from [01m[K/opt/ros/humble/include/rcutils/rcutils/logging.h:27[m[K,
                 from [01m[K/opt/ros/humble/include/rmw/rmw/types.h:28[m[K,
                 from [01m[K/opt/ros/humble/include/rcl/rcl/types.h:20[m[K,
                 from [01m[K/opt/ros/humble/include/rcl/rcl/log_level.h:22[m[K,
                 from [01m[K/opt/ros/humble/include/rcl/rcl/arguments.h:21[m[K,
                 from [01m[K/opt/ros/humble/include/rcl/rcl/context.h:28[m[K,
                 from [01m[K/opt/ros/humble/include/rcl/rcl/guard_condition.h:26[m[K,
                 from [01m[K/opt/ros/humble/include/rclcpp/rclcpp/executor.hpp:30[m[K,
                 from [01m[K/opt/ros/humble/include/rclcpp/rclcpp/executors/multi_threaded_executor.hpp:25[m[K,
                 from [01m[K/opt/ros/humble/include/rclcpp/rclcpp/executors.hpp:21[m[K,
                 from [01m[K/opt/ros/humble/include/rclcpp/rclcpp/rclcpp.hpp:155[m[K,
                 from [01m[K/home/thales/linorobot2/ros2_ws/src/hoverboard-driver-pkg/src/main.cpp:1[m[K:
[01m[K/home/thales/linorobot2/ros2_ws/src/hoverboard-driver-pkg/src/main.cpp:185:74:[m[K [01;31m[Kerror: [m[Kinvalid use of member function â€˜[01m[Krclcpp::Time rclcpp::Node::now() const[m[Kâ€™ (did you forget the â€˜[01m[K()[m[Kâ€™ ?)
  185 |     odom_msg->header.stamp.sec = RCL_NS_TO_S([01;31m[Kn[m[Kow);
      |                                              [01;31m[K^[m[K

[01m[K/home/thales/linorobot2/ros2_ws/src/hoverboard-driver-pkg/src/main.cpp:186:66:[m[K [01;31m[Kerror: [m[Kinvalid use of member function â€˜[01m[Krclcpp::Time rclcpp::Node::now() const[m[Kâ€™ (did you forget the â€˜[01m[K()[m[Kâ€™ ?)
  186 |       odom_msg->header.stamp.nanosec = [01;31m[Know[m[K - RCL_S_TO_NS(odom_msg->header.stamp.sec);
      |                                        [01;31m[K^~~[m[K
      |                                           [32m[K()[m[K
[01m[K/home/thales/linorobot2/ros2_ws/src/hoverboard-driver-pkg/src/main.cpp:207:61:[m[K [01;31m[Kerror: [m[Kâ€˜[01m[KDBL_MAX[m[Kâ€™ was not declared in this scope
  207 |        odom_msg->pose.covariance[14] = [01;31m[KDBL_MAX[m[K;  // set a non-zero covariance on unused
      |                                        [01;31m[K^~~~~~~[m[K

[01m[K/home/thales/linorobot2/ros2_ws/src/hoverboard-driver-pkg/src/main.cpp:13:1:[m[K [01;36m[Knote: [m[Kâ€˜[01m[KDBL_MAX[m[Kâ€™ is defined in header â€˜[01m[K<cfloat>[m[Kâ€™; did you forget to â€˜[01m[K#include <cfloat>[m[Kâ€™?
   12 | #include <math.h>
  +++ |+[32m[K#include <cfloat>[m[K
   13 | 
[01m[K/home/thales/linorobot2/ros2_ws/src/hoverboard-driver-pkg/src/main.cpp:217:35:[m[K [01;31m[Kerror: [m[Kâ€˜[01m[Kusing SharedPtr = class std::shared_ptr<rclcpp::Publisher<nav_msgs::msg::Odometry_<std::allocator<void> > > >[m[Kâ€™ {aka â€˜[01m[Kclass std::shared_ptr<rclcpp::Publisher<nav_msgs::msg::Odometry_<std::allocator<void> > > >[m[Kâ€™} has no member named â€˜[01m[Kpublish[m[Kâ€™
  217 |                         _odom_pub.[01;31m[Kpublish[m[K(odom_msg);
      |                                   [01;31m[K^~~~~~~[m[K
gmake[2]: *** [CMakeFiles/hoverboard-driver.dir/build.make:76: CMakeFiles/hoverboard-driver.dir/src/main.cpp.o] Error 1
gmake[1]: *** [CMakeFiles/Makefile2:137: CMakeFiles/hoverboard-driver.dir/all] Error 2
gmake: *** [Makefile:146: all] Error 2
