[0.141s] Invoking command in '/home/thales/linorobot2/ros2_ws/build/hoverboard-driver-pkg': CMAKE_PREFIX_PATH=${CMAKE_PREFIX_PATH}:/home/thales/linorobot2/ros2_ws/install/bringup:/opt/ros/humble /usr/bin/cmake --build /home/thales/linorobot2/ros2_ws/build/hoverboard-driver-pkg -- -j4 -l4
[0.382s] [35m[1mConsolidate compiler generated dependencies of target hoverboard-driver[0m
[0.490s] [ 50%] [32mBuilding CXX object CMakeFiles/hoverboard-driver.dir/src/main.cpp.o[0m
[17.153s] [01m[K/home/thales/linorobot2/ros2_ws/src/hoverboard-driver-pkg/src/main.cpp:[m[K In constructor â€˜[01m[Kdriver_node::driver_node()[m[Kâ€™:
[17.154s] [01m[K/home/thales/linorobot2/ros2_ws/src/hoverboard-driver-pkg/src/main.cpp:31:70:[m[K [01;31m[Kerror: [m[Kno matching function for call to â€˜[01m[Kdriver_node::create_publisher<nav_msgs::msg::Odometry>(const char [6], rmw_qos_profile_t&)[m[Kâ€™
[17.154s]    31 | m_pub = [01;31m[Kcreate_publisher<nav_msgs::msg::Odometry>([m[K
[17.155s]       |         [01;31m[K~~~~~~~~~~~~~~~~~~~~~~~~~~~~~~~~~~~~~~~~~^[m[K
[17.155s] 
[17.156s]    32 |     [01;31m[K"/odom",[m[K
[17.156s]       |     [01;31m[K~~~~~~~~[m[K                                      
[17.157s] 
[17.157s]    33 |     [01;31m[Kodom_qos_profile[m[K
[17.157s]       |     [01;31m[K~~~~~~~~~~~~~~~~[m[K                              
[17.158s] 
[17.158s]    34 | 
[17.159s]       |                                                   
[17.159s] 
[17.160s] In file included from [01m[K/opt/ros/humble/include/rclcpp/rclcpp/executors/single_threaded_executor.hpp:28[m[K,
[17.160s]                  from [01m[K/opt/ros/humble/include/rclcpp/rclcpp/executors.hpp:22[m[K,
[17.161s]                  from [01m[K/opt/ros/humble/include/rclcpp/rclcpp/rclcpp.hpp:155[m[K,
[17.161s]                  from [01m[K/home/thales/linorobot2/ros2_ws/src/hoverboard-driver-pkg/src/main.cpp:1[m[K:
[17.161s] [01m[K/opt/ros/humble/include/rclcpp/rclcpp/node.hpp:195:3:[m[K [01;36m[Knote: [m[Kcandidate: â€˜[01m[Ktemplate<class MessageT, class AllocatorT, class PublisherT> std::shared_ptr<PublisherT> rclcpp::Node::create_publisher(const string&, const rclcpp::QoS&, const rclcpp::PublisherOptionsWithAllocator<AllocatorT>&)[m[Kâ€™
[17.162s]   195 |   [01;36m[Kcreate_publisher[m[K(
[17.162s]       |   [01;36m[K^~~~~~~~~~~~~~~~[m[K
[17.163s] [01m[K/opt/ros/humble/include/rclcpp/rclcpp/node.hpp:195:3:[m[K [01;36m[Knote: [m[K  template argument deduction/substitution failed:
[17.163s] [01m[K/home/thales/linorobot2/ros2_ws/src/hoverboard-driver-pkg/src/main.cpp:33:25:[m[K [01;36m[Knote: [m[K  cannot convert â€˜[01m[Kodom_qos_profile[m[Kâ€™ (type â€˜[01m[Krmw_qos_profile_t[m[Kâ€™ {aka â€˜[01m[Krmw_qos_profile_s[m[Kâ€™}) to type â€˜[01m[Kconst rclcpp::QoS&[m[Kâ€™
[17.163s]    33 |                         [01;36m[Kodom_qos_profile[m[K
[17.164s]       |                         [01;36m[K^~~~~~~~~~~~~~~~[m[K
[36.397s] gmake[2]: *** [CMakeFiles/hoverboard-driver.dir/build.make:76: CMakeFiles/hoverboard-driver.dir/src/main.cpp.o] Error 1
[36.397s] gmake[1]: *** [CMakeFiles/Makefile2:137: CMakeFiles/hoverboard-driver.dir/all] Error 2
[36.398s] gmake: *** [Makefile:146: all] Error 2
[36.418s] Invoked command in '/home/thales/linorobot2/ros2_ws/build/hoverboard-driver-pkg' returned '2': CMAKE_PREFIX_PATH=${CMAKE_PREFIX_PATH}:/home/thales/linorobot2/ros2_ws/install/bringup:/opt/ros/humble /usr/bin/cmake --build /home/thales/linorobot2/ros2_ws/build/hoverboard-driver-pkg -- -j4 -l4
