[35m[1mConsolidate compiler generated dependencies of target hoverboard-driver[0m
[ 50%] [32mBuilding CXX object CMakeFiles/hoverboard-driver.dir/src/main.cpp.o[0m
[01m[K/home/thales/linorobot2/ros2_ws/src/hoverboard-driver-pkg/src/main.cpp:[m[K In member function â€˜[01m[Kvoid driver_node::write()[m[Kâ€™:
[01m[K/home/thales/linorobot2/ros2_ws/src/hoverboard-driver-pkg/src/main.cpp:283:56:[m[K [01;31m[Kerror: [m[Kâ€˜[01m[Kpwm_mean[m[Kâ€™ was not declared in this scope
  283 |             command.left_speed = std::clamp( (int16_t)([01;31m[Kpwm_mean[m[K-pwm_diff), (int16_t)-1000, (int16_t)1000);
      |                                                        [01;31m[K^~~~~~~~[m[K
[01m[K/home/thales/linorobot2/ros2_ws/src/hoverboard-driver-pkg/src/main.cpp:283:65:[m[K [01;31m[Kerror: [m[Kâ€˜[01m[Kpwm_diff[m[Kâ€™ was not declared in this scope
  283 |             command.left_speed = std::clamp( (int16_t)(pwm_mean-[01;31m[Kpwm_diff[m[K), (int16_t)-1000, (int16_t)1000);
      |                                                                 [01;31m[K^~~~~~~~[m[K
[01m[K/home/thales/linorobot2/ros2_ws/src/hoverboard-driver-pkg/src/main.cpp:277:15:[m[K [01;35m[Kwarning: [m[Kunused variable â€˜[01m[Kx_speed[m[Kâ€™ [[01;35m[K]8;;https://gcc.gnu.org/onlinedocs/gcc/Warning-Options.html#index-Wunused-variable-Wunused-variable]8;;[m[K]
  277 |         float [01;35m[Kx_speed[m[K = _x_pid.process(x_error);
      |               [01;35m[K^~~~~~~[m[K
[01m[K/home/thales/linorobot2/ros2_ws/src/hoverboard-driver-pkg/src/main.cpp:278:15:[m[K [01;35m[Kwarning: [m[Kunused variable â€˜[01m[Kw_speed[m[Kâ€™ [[01;35m[K]8;;https://gcc.gnu.org/onlinedocs/gcc/Warning-Options.html#index-Wunused-variable-Wunused-variable]8;;[m[K]
  278 |         float [01;35m[Kw_speed[m[K = _w_pid.process(w_error);
      |               [01;35m[K^~~~~~~[m[K
gmake[2]: *** [CMakeFiles/hoverboard-driver.dir/build.make:76: CMakeFiles/hoverboard-driver.dir/src/main.cpp.o] Error 1
gmake[1]: *** [CMakeFiles/Makefile2:137: CMakeFiles/hoverboard-driver.dir/all] Error 2
gmake: *** [Makefile:146: all] Error 2
