[35m[1mConsolidate compiler generated dependencies of target hoverboard-driver[0m
[ 50%] [32mBuilding CXX object CMakeFiles/hoverboard-driver.dir/src/main.cpp.o[0m
[01m[K/home/thales/linorobot2/ros2_ws/src/hoverboard-driver-pkg/src/main.cpp:[m[K In destructor â€˜[01m[Kvirtual driver_node::~driver_node()[m[Kâ€™:
[01m[K/home/thales/linorobot2/ros2_ws/src/hoverboard-driver-pkg/src/main.cpp:45:21:[m[K [01;31m[Kerror: [m[Kâ€˜[01m[Kport_fd[m[Kâ€™ was not declared in this scope; did you mean â€˜[01m[K_port_fd[m[Kâ€™?
   45 |                 if ([01;31m[Kport_fd[m[K != -1)
      |                     [01;31m[K^~~~~~~[m[K
      |                     [32m[K_port_fd[m[K
[01m[K/home/thales/linorobot2/ros2_ws/src/hoverboard-driver-pkg/src/main.cpp:[m[K In member function â€˜[01m[Kvoid driver_node::read()[m[Kâ€™:
[01m[K/home/thales/linorobot2/ros2_ws/src/hoverboard-driver-pkg/src/main.cpp:51:21:[m[K [01;31m[Kerror: [m[Kâ€˜[01m[Kport_fd[m[Kâ€™ was not declared in this scope; did you mean â€˜[01m[K_port_fd[m[Kâ€™?
   51 |                 if ([01;31m[Kport_fd[m[K != -1)
      |                     [01;31m[K^~~~~~~[m[K
      |                     [32m[K_port_fd[m[K
[01m[K/home/thales/linorobot2/ros2_ws/src/hoverboard-driver-pkg/src/main.cpp:[m[K In member function â€˜[01m[Kvoid driver_node::protocol_recv(uint8_t)[m[Kâ€™:
[01m[K/home/thales/linorobot2/ros2_ws/src/hoverboard-driver-pkg/src/main.cpp:92:59:[m[K [01;31m[Kerror: [m[Kâ€˜[01m[KSerialFeedback[m[Kâ€™ was not declared in this scope; did you mean â€˜[01m[Kserial_feedback[m[Kâ€™?
   92 | lse if (msg_len >= 2 && msg_len < sizeof([01;31m[KSerialFeedback[m[K))
      |                                          [01;31m[K^~~~~~~~~~~~~~[m[K
      |                                          [32m[Kserial_feedback[m[K
[01m[K/home/thales/linorobot2/ros2_ws/src/hoverboard-driver-pkg/src/main.cpp:99:39:[m[K [01;31m[Kerror: [m[Kâ€˜[01m[KSerialFeedback[m[Kâ€™ was not declared in this scope; did you mean â€˜[01m[Kserial_feedback[m[Kâ€™?
   99 |                 if (msg_len == sizeof([01;31m[KSerialFeedback[m[K)) {
      |                                       [01;31m[K^~~~~~~~~~~~~~[m[K
      |                                       [32m[Kserial_feedback[m[K
[01m[K/home/thales/linorobot2/ros2_ws/src/hoverboard-driver-pkg/src/main.cpp:104:29:[m[K [01;31m[Kerror: [m[Kâ€˜[01m[Kstruct serial_feedback[m[Kâ€™ has no member named â€˜[01m[KspeedR_meas[m[Kâ€™
  104 |                         msg.[01;31m[KspeedR_meas[m[K ^
      |                             [01;31m[K^~~~~~~~~~~[m[K
[01m[K/home/thales/linorobot2/ros2_ws/src/hoverboard-driver-pkg/src/main.cpp:105:29:[m[K [01;31m[Kerror: [m[Kâ€˜[01m[Kstruct serial_feedback[m[Kâ€™ has no member named â€˜[01m[KspeedL_meas[m[Kâ€™
  105 |                         msg.[01;31m[KspeedL_meas[m[K ^
      |                             [01;31m[K^~~~~~~~~~~[m[K
[01m[K/home/thales/linorobot2/ros2_ws/src/hoverboard-driver-pkg/src/main.cpp:106:29:[m[K [01;31m[Kerror: [m[Kâ€˜[01m[Kstruct serial_feedback[m[Kâ€™ has no member named â€˜[01m[KbatVoltage[m[Kâ€™; did you mean â€˜[01m[Kvoltage[m[Kâ€™?
  106 |                         msg.[01;31m[KbatVoltage[m[K ^
      |                             [01;31m[K^~~~~~~~~~[m[K
      |                             [32m[Kvoltage[m[K
[01m[K/home/thales/linorobot2/ros2_ws/src/hoverboard-driver-pkg/src/main.cpp:107:29:[m[K [01;31m[Kerror: [m[Kâ€˜[01m[Kstruct serial_feedback[m[Kâ€™ has no member named â€˜[01m[KboardTemp[m[Kâ€™
  107 |                         msg.[01;31m[KboardTemp[m[K ^
      |                             [01;31m[K^~~~~~~~~[m[K
[01m[K/home/thales/linorobot2/ros2_ws/src/hoverboard-driver-pkg/src/main.cpp:108:29:[m[K [01;31m[Kerror: [m[Kâ€˜[01m[Kstruct serial_feedback[m[Kâ€™ has no member named â€˜[01m[KcmdLed[m[Kâ€™; did you mean â€˜[01m[Kcmd_led[m[Kâ€™?
  108 |                         msg.[01;31m[KcmdLed[m[K);
      |                             [01;31m[K^~~~~~[m[K
      |                             [32m[Kcmd_led[m[K
[01m[K/home/thales/linorobot2/ros2_ws/src/hoverboard-driver-pkg/src/main.cpp:111:25:[m[K [01;31m[Kerror: [m[Kâ€˜[01m[Kstd_msgs[m[Kâ€™ has not been declared
  111 |                         [01;31m[Kstd_msgs[m[K::msg::Float64 f;
      |                         [01;31m[K^~~~~~~~[m[K
[01m[K/home/thales/linorobot2/ros2_ws/src/hoverboard-driver-pkg/src/main.cpp:113:25:[m[K [01;31m[Kerror: [m[Kâ€˜[01m[Kf[m[Kâ€™ was not declared in this scope
  113 |                         [01;31m[Kf[m[K.data = (double)msg.batVoltage/100.0;
      |                         [01;31m[K^[m[K
[01m[K/home/thales/linorobot2/ros2_ws/src/hoverboard-driver-pkg/src/main.cpp:113:46:[m[K [01;31m[Kerror: [m[Kâ€˜[01m[Kstruct serial_feedback[m[Kâ€™ has no member named â€˜[01m[KbatVoltage[m[Kâ€™; did you mean â€˜[01m[Kvoltage[m[Kâ€™?
  113 |                     f.data = (double)msg.[01;31m[KbatVoltage[m[K/100.0;
      |                                          [01;31m[K^~~~~~~~~~[m[K
      |                                          [32m[Kvoltage[m[K
[01m[K/home/thales/linorobot2/ros2_ws/src/hoverboard-driver-pkg/src/main.cpp:114:25:[m[K [01;31m[Kerror: [m[Kâ€˜[01m[Kvoltage_pub_[m[Kâ€™ was not declared in this scope
  114 |                         [01;31m[Kvoltage_pub_[m[K->publish(f);
      |                         [01;31m[K^~~~~~~~~~~~[m[K
[01m[K/home/thales/linorobot2/ros2_ws/src/hoverboard-driver-pkg/src/main.cpp:116:46:[m[K [01;31m[Kerror: [m[Kâ€˜[01m[Kstruct serial_feedback[m[Kâ€™ has no member named â€˜[01m[KboardTemp[m[Kâ€™
  116 |                     f.data = (double)msg.[01;31m[KboardTemp[m[K/10.0;
      |                                          [01;31m[K^~~~~~~~~[m[K

[01m[K/home/thales/linorobot2/ros2_ws/src/hoverboard-driver-pkg/src/main.cpp:117:25:[m[K [01;31m[Kerror: [m[Kâ€˜[01m[Ktemp_pub_[m[Kâ€™ was not declared in this scope
  117 |                         [01;31m[Ktemp_pub_[m[K->publish(f);
      |                         [01;31m[K^~~~~~~~~[m[K
[01m[K/home/thales/linorobot2/ros2_ws/src/hoverboard-driver-pkg/src/main.cpp:119:46:[m[K [01;31m[Kerror: [m[Kâ€˜[01m[Kstruct serial_feedback[m[Kâ€™ has no member named â€˜[01m[KspeedL_meas[m[Kâ€™
  119 |                     f.data = (double)msg.[01;31m[KspeedL_meas[m[K;
      |                                          [01;31m[K^~~~~~~~~~~[m[K

[01m[K/home/thales/linorobot2/ros2_ws/src/hoverboard-driver-pkg/src/main.cpp:120:25:[m[K [01;31m[Kerror: [m[Kâ€˜[01m[Kvel_pub_[m[Kâ€™ was not declared in this scope
  120 |                         [01;31m[Kvel_pub_[m[K[0]->publish(f);
      |                         [01;31m[K^~~~~~~~[m[K
[01m[K/home/thales/linorobot2/ros2_ws/src/hoverboard-driver-pkg/src/main.cpp:121:46:[m[K [01;31m[Kerror: [m[Kâ€˜[01m[Kstruct serial_feedback[m[Kâ€™ has no member named â€˜[01m[KspeedR_meas[m[Kâ€™
  121 |                     f.data = (double)msg.[01;31m[KspeedR_meas[m[K;
      |                                          [01;31m[K^~~~~~~~~~~[m[K

[01m[K/home/thales/linorobot2/ros2_ws/src/hoverboard-driver-pkg/src/main.cpp:125:25:[m[K [01;31m[Kerror: [m[Kâ€˜[01m[Kcmd_pub_[m[Kâ€™ was not declared in this scope
  125 |                         [01;31m[Kcmd_pub_[m[K[0]->publish(f);
      |                         [01;31m[K^~~~~~~~[m[K
gmake[2]: *** [CMakeFiles/hoverboard-driver.dir/build.make:76: CMakeFiles/hoverboard-driver.dir/src/main.cpp.o] Error 1
gmake[1]: *** [CMakeFiles/Makefile2:137: CMakeFiles/hoverboard-driver.dir/all] Error 2
gmake: *** [Makefile:146: all] Error 2
