[0.121s] Invoking command in '/home/thales/linorobot2/ros2_ws/build/hoverboard-driver-pkg': CMAKE_PREFIX_PATH=${CMAKE_PREFIX_PATH}:/home/thales/linorobot2/ros2_ws/install/bringup:/opt/ros/humble /usr/bin/cmake --build /home/thales/linorobot2/ros2_ws/build/hoverboard-driver-pkg -- -j4 -l4
[0.369s] [35m[1mConsolidate compiler generated dependencies of target hoverboard-driver[0m
[0.484s] [ 50%] [32mBuilding CXX object CMakeFiles/hoverboard-driver.dir/src/main.cpp.o[0m
[14.036s] In file included from [01m[K/opt/ros/humble/include/rcutils/rcutils/logging.h:27[m[K,
[14.038s]                  from [01m[K/opt/ros/humble/include/rmw/rmw/types.h:28[m[K,
[14.039s]                  from [01m[K/opt/ros/humble/include/rcl/rcl/types.h:20[m[K,
[14.040s]                  from [01m[K/opt/ros/humble/include/rcl/rcl/log_level.h:22[m[K,
[14.040s]                  from [01m[K/opt/ros/humble/include/rcl/rcl/arguments.h:21[m[K,
[14.041s]                  from [01m[K/opt/ros/humble/include/rcl/rcl/context.h:28[m[K,
[14.041s]                  from [01m[K/opt/ros/humble/include/rcl/rcl/guard_condition.h:26[m[K,
[14.042s]                  from [01m[K/opt/ros/humble/include/rclcpp/rclcpp/executor.hpp:30[m[K,
[14.042s]                  from [01m[K/opt/ros/humble/include/rclcpp/rclcpp/executors/multi_threaded_executor.hpp:25[m[K,
[14.043s]                  from [01m[K/opt/ros/humble/include/rclcpp/rclcpp/executors.hpp:21[m[K,
[14.043s]                  from [01m[K/opt/ros/humble/include/rclcpp/rclcpp/rclcpp.hpp:155[m[K,
[14.044s]                  from [01m[K/home/thales/linorobot2/ros2_ws/src/hoverboard-driver-pkg/src/main.cpp:1[m[K:
[14.044s] [01m[K/home/thales/linorobot2/ros2_ws/src/hoverboard-driver-pkg/src/main.cpp:[m[K In member function â€˜[01m[Kvoid driver_node::protocol_recv(uint8_t)[m[Kâ€™:
[14.045s] [01m[K/home/thales/linorobot2/ros2_ws/src/hoverboard-driver-pkg/src/main.cpp:187:73:[m[K [01;31m[Kerror: [m[Kinvalid use of member function â€˜[01m[Krclcpp::Time rclcpp::Node::now() const[m[Kâ€™ (did you forget the â€˜[01m[K()[m[Kâ€™ ?)
[14.045s]   187 |      odom_msg.header.stamp.sec = RCL_NS_TO_S([01;31m[Kn[m[Kow);
[14.046s]       |                                              [01;31m[K^[m[K
[14.047s] 
[14.047s] [01m[K/home/thales/linorobot2/ros2_ws/src/hoverboard-driver-pkg/src/main.cpp:188:65:[m[K [01;31m[Kerror: [m[Kinvalid use of member function â€˜[01m[Krclcpp::Time rclcpp::Node::now() const[m[Kâ€™ (did you forget the â€˜[01m[K()[m[Kâ€™ ?)
[14.048s]   188 |        odom_msg.header.stamp.nanosec = [01;31m[Know[m[K - RCL_S_TO_NS(odom_msg.header.stamp.sec);
[14.048s]       |                                        [01;31m[K^~~[m[K
[14.049s]       |                                           [32m[K()[m[K
[25.937s] gmake[2]: *** [CMakeFiles/hoverboard-driver.dir/build.make:76: CMakeFiles/hoverboard-driver.dir/src/main.cpp.o] Error 1
[25.941s] gmake[1]: *** [CMakeFiles/Makefile2:137: CMakeFiles/hoverboard-driver.dir/all] Error 2
[25.942s] gmake: *** [Makefile:146: all] Error 2
[25.949s] Invoked command in '/home/thales/linorobot2/ros2_ws/build/hoverboard-driver-pkg' returned '2': CMAKE_PREFIX_PATH=${CMAKE_PREFIX_PATH}:/home/thales/linorobot2/ros2_ws/install/bringup:/opt/ros/humble /usr/bin/cmake --build /home/thales/linorobot2/ros2_ws/build/hoverboard-driver-pkg -- -j4 -l4
