[0.127s] Invoking command in '/home/thales/linorobot2/ros2_ws/build/hoverboard-driver-pkg': CMAKE_PREFIX_PATH=${CMAKE_PREFIX_PATH}:/home/thales/linorobot2/ros2_ws/install/bringup:/opt/ros/humble /usr/bin/cmake --build /home/thales/linorobot2/ros2_ws/build/hoverboard-driver-pkg -- -j4 -l4
[0.353s] [35m[1mConsolidate compiler generated dependencies of target hoverboard-driver[0m
[0.463s] [ 50%] [32mBuilding CXX object CMakeFiles/hoverboard-driver.dir/src/main.cpp.o[0m
[12.796s] [01m[K/home/thales/linorobot2/ros2_ws/src/hoverboard-driver-pkg/src/main.cpp:[m[K In constructor â€˜[01m[Kdriver_node::driver_node()[m[Kâ€™:
[12.797s] [01m[K/home/thales/linorobot2/ros2_ws/src/hoverboard-driver-pkg/src/main.cpp:41:45:[m[K [01;31m[Kerror: [m[Kâ€˜[01m[Kclass rclcpp::Parameter[m[Kâ€™ has no member named â€˜[01m[Kas_float[m[Kâ€™
[12.798s]    41 |         _x_kp = this->get_parameter("x_kp").[01;31m[Kas_float[m[K();
[12.799s]       |                                             [01;31m[K^~~~~~~~[m[K
[12.800s] [01m[K/home/thales/linorobot2/ros2_ws/src/hoverboard-driver-pkg/src/main.cpp:42:45:[m[K [01;31m[Kerror: [m[Kâ€˜[01m[Kclass rclcpp::Parameter[m[Kâ€™ has no member named â€˜[01m[Kas_float[m[Kâ€™
[12.800s]    42 |         _x_ki = this->get_parameter("x_ki").[01;31m[Kas_float[m[K();
[12.801s]       |                                             [01;31m[K^~~~~~~~[m[K
[12.801s] [01m[K/home/thales/linorobot2/ros2_ws/src/hoverboard-driver-pkg/src/main.cpp:43:45:[m[K [01;31m[Kerror: [m[Kâ€˜[01m[Kclass rclcpp::Parameter[m[Kâ€™ has no member named â€˜[01m[Kas_float[m[Kâ€™
[12.802s]    43 |         _x_kd = this->get_parameter("x_kd").[01;31m[Kas_float[m[K();
[12.802s]       |                                             [01;31m[K^~~~~~~~[m[K
[12.802s] [01m[K/home/thales/linorobot2/ros2_ws/src/hoverboard-driver-pkg/src/main.cpp:44:55:[m[K [01;31m[Kerror: [m[Kâ€˜[01m[Kclass rclcpp::Parameter[m[Kâ€™ has no member named â€˜[01m[Kas_float[m[Kâ€™
[12.803s]    44 |         _x_d_alpha = this->get_parameter("x_d_alpha").[01;31m[Kas_float[m[K();
[12.803s]       |                                                       [01;31m[K^~~~~~~~[m[K
[12.804s] [01m[K/home/thales/linorobot2/ros2_ws/src/hoverboard-driver-pkg/src/main.cpp:45:55:[m[K [01;31m[Kerror: [m[Kâ€˜[01m[Kclass rclcpp::Parameter[m[Kâ€™ has no member named â€˜[01m[Kas_float[m[Kâ€™
[12.804s]    45 |         _x_o_alpha = this->get_parameter("x_o_alpha").[01;31m[Kas_float[m[K();
[12.805s]       |                                                       [01;31m[K^~~~~~~~[m[K
[12.805s] [01m[K/home/thales/linorobot2/ros2_ws/src/hoverboard-driver-pkg/src/main.cpp:47:45:[m[K [01;31m[Kerror: [m[Kâ€˜[01m[Kclass rclcpp::Parameter[m[Kâ€™ has no member named â€˜[01m[Kas_float[m[Kâ€™
[12.805s]    47 |         _w_kd = this->get_parameter("w_kd").[01;31m[Kas_float[m[K();
[12.806s]       |                                             [01;31m[K^~~~~~~~[m[K
[12.806s] [01m[K/home/thales/linorobot2/ros2_ws/src/hoverboard-driver-pkg/src/main.cpp:48:45:[m[K [01;31m[Kerror: [m[Kâ€˜[01m[Kclass rclcpp::Parameter[m[Kâ€™ has no member named â€˜[01m[Kas_float[m[Kâ€™
[12.807s]    48 |         _w_kd = this->get_parameter("w_kd").[01;31m[Kas_float[m[K();
[12.807s]       |                                             [01;31m[K^~~~~~~~[m[K
[12.808s] [01m[K/home/thales/linorobot2/ros2_ws/src/hoverboard-driver-pkg/src/main.cpp:49:45:[m[K [01;31m[Kerror: [m[Kâ€˜[01m[Kclass rclcpp::Parameter[m[Kâ€™ has no member named â€˜[01m[Kas_float[m[Kâ€™
[12.808s]    49 |         _w_kd = this->get_parameter("w_kd").[01;31m[Kas_float[m[K();
[12.808s]       |                                             [01;31m[K^~~~~~~~[m[K
[12.809s] [01m[K/home/thales/linorobot2/ros2_ws/src/hoverboard-driver-pkg/src/main.cpp:50:55:[m[K [01;31m[Kerror: [m[Kâ€˜[01m[Kclass rclcpp::Parameter[m[Kâ€™ has no member named â€˜[01m[Kas_float[m[Kâ€™
[12.809s]    50 |         _w_d_alpha = this->get_parameter("w_d_alpha").[01;31m[Kas_float[m[K();
[12.810s]       |                                                       [01;31m[K^~~~~~~~[m[K
[12.810s] [01m[K/home/thales/linorobot2/ros2_ws/src/hoverboard-driver-pkg/src/main.cpp:51:55:[m[K [01;31m[Kerror: [m[Kâ€˜[01m[Kclass rclcpp::Parameter[m[Kâ€™ has no member named â€˜[01m[Kas_float[m[Kâ€™
[12.811s]    51 |         _w_o_alpha = this->get_parameter("w_o_alpha").[01;31m[Kas_float[m[K();
[12.811s]       |                                                       [01;31m[K^~~~~~~~[m[K
[24.229s] gmake[2]: *** [CMakeFiles/hoverboard-driver.dir/build.make:76: CMakeFiles/hoverboard-driver.dir/src/main.cpp.o] Error 1
[24.230s] gmake[1]: *** [CMakeFiles/Makefile2:137: CMakeFiles/hoverboard-driver.dir/all] Error 2
[24.231s] gmake: *** [Makefile:146: all] Error 2
[24.241s] Invoked command in '/home/thales/linorobot2/ros2_ws/build/hoverboard-driver-pkg' returned '2': CMAKE_PREFIX_PATH=${CMAKE_PREFIX_PATH}:/home/thales/linorobot2/ros2_ws/install/bringup:/opt/ros/humble /usr/bin/cmake --build /home/thales/linorobot2/ros2_ws/build/hoverboard-driver-pkg -- -j4 -l4
