[01m[K/home/thales/linorobot2/ros2_ws/src/hoverboard-driver-pkg/src/main.cpp:[m[K In constructor â€˜[01m[Kdriver_node::driver_node()[m[Kâ€™:
[01m[K/home/thales/linorobot2/ros2_ws/src/hoverboard-driver-pkg/src/main.cpp:25:24:[m[K [01;31m[Kerror: [m[Kâ€˜[01m[K_x_ki[m[Kâ€™ was not declared in this scope; did you mean â€˜[01m[K_x_kp[m[Kâ€™?
   25 |         _x_pid(&_x_kp,&[01;31m[K_x_ki[m[K,&_x_kd,-1000.0,1000.0),
      |                        [01;31m[K^~~~~[m[K
      |                        [32m[K_x_kp[m[K
[01m[K/home/thales/linorobot2/ros2_ws/src/hoverboard-driver-pkg/src/main.cpp:26:24:[m[K [01;31m[Kerror: [m[Kâ€˜[01m[K_w_ki[m[Kâ€™ was not declared in this scope; did you mean â€˜[01m[K_w_kp[m[Kâ€™?
   26 |         _w_pid(&_w_kp,&[01;31m[K_w_ki[m[K,&_w_kd,-1000.0,1000.0)
      |                        [01;31m[K^~~~~[m[K
      |                        [32m[K_w_kp[m[K
gmake[2]: *** [CMakeFiles/hoverboard-driver.dir/build.make:76: CMakeFiles/hoverboard-driver.dir/src/main.cpp.o] Error 1
gmake[1]: *** [CMakeFiles/Makefile2:137: CMakeFiles/hoverboard-driver.dir/all] Error 2
gmake: *** [Makefile:146: all] Error 2
