[0.146s] Invoking command in '/home/thales/linorobot2/ros2_ws/build/hoverboard-driver-pkg': CMAKE_PREFIX_PATH=${CMAKE_PREFIX_PATH}:/home/thales/linorobot2/ros2_ws/install/bringup:/opt/ros/humble /usr/bin/cmake --build /home/thales/linorobot2/ros2_ws/build/hoverboard-driver-pkg -- -j4 -l4
[0.484s] [ 50%] [32mBuilding CXX object CMakeFiles/hoverboard-driver.dir/src/main.cpp.o[0m
[15.479s] [01m[K/home/thales/linorobot2/ros2_ws/src/hoverboard-driver-pkg/src/main.cpp:[m[K In constructor â€˜[01m[Kdriver_node::driver_node()[m[Kâ€™:
[15.480s] [01m[K/home/thales/linorobot2/ros2_ws/src/hoverboard-driver-pkg/src/main.cpp:25:24:[m[K [01;31m[Kerror: [m[Kâ€˜[01m[K_x_ki[m[Kâ€™ was not declared in this scope; did you mean â€˜[01m[K_x_kp[m[Kâ€™?
[15.481s]    25 |         _x_pid(&_x_kp,&[01;31m[K_x_ki[m[K,&_x_kd,-1000.0,1000.0),
[15.482s]       |                        [01;31m[K^~~~~[m[K
[15.482s]       |                        [32m[K_x_kp[m[K
[15.510s] [01m[K/home/thales/linorobot2/ros2_ws/src/hoverboard-driver-pkg/src/main.cpp:26:24:[m[K [01;31m[Kerror: [m[Kâ€˜[01m[K_w_ki[m[Kâ€™ was not declared in this scope; did you mean â€˜[01m[K_w_kp[m[Kâ€™?
[15.511s]    26 |         _w_pid(&_w_kp,&[01;31m[K_w_ki[m[K,&_w_kd,-1000.0,1000.0)
[15.512s]       |                        [01;31m[K^~~~~[m[K
[15.513s]       |                        [32m[K_w_kp[m[K
[29.665s] gmake[2]: *** [CMakeFiles/hoverboard-driver.dir/build.make:76: CMakeFiles/hoverboard-driver.dir/src/main.cpp.o] Error 1
[29.666s] gmake[1]: *** [CMakeFiles/Makefile2:137: CMakeFiles/hoverboard-driver.dir/all] Error 2
[29.668s] gmake: *** [Makefile:146: all] Error 2
[29.676s] Invoked command in '/home/thales/linorobot2/ros2_ws/build/hoverboard-driver-pkg' returned '2': CMAKE_PREFIX_PATH=${CMAKE_PREFIX_PATH}:/home/thales/linorobot2/ros2_ws/install/bringup:/opt/ros/humble /usr/bin/cmake --build /home/thales/linorobot2/ros2_ws/build/hoverboard-driver-pkg -- -j4 -l4
