[0.154s] Invoking command in '/home/thales/linorobot2/ros2_ws/build/hoverboard-driver-pkg': CMAKE_PREFIX_PATH=${CMAKE_PREFIX_PATH}:/home/thales/linorobot2/ros2_ws/install/bringup:/opt/ros/humble /usr/bin/cmake --build /home/thales/linorobot2/ros2_ws/build/hoverboard-driver-pkg -- -j4 -l4
[0.469s] [35m[1mConsolidate compiler generated dependencies of target hoverboard-driver[0m
[0.611s] [ 50%] [32mBuilding CXX object CMakeFiles/hoverboard-driver.dir/src/main.cpp.o[0m
[13.547s] [01m[K/home/thales/linorobot2/ros2_ws/src/hoverboard-driver-pkg/src/main.cpp:[m[K In member function â€˜[01m[Kvoid driver_node::protocol_recv(uint8_t)[m[Kâ€™:
[13.548s] [01m[K/home/thales/linorobot2/ros2_ws/src/hoverboard-driver-pkg/src/main.cpp:105:29:[m[K [01;31m[Kerror: [m[Kâ€˜[01m[Kstruct serial_feedback[m[Kâ€™ has no member named â€˜[01m[KspeedL_meas[m[Kâ€™
[13.548s]   105 |                         msg.[01;31m[KspeedL_meas[m[K ^
[13.549s]       |                             [01;31m[K^~~~~~~~~~~[m[K
[13.549s] [01m[K/home/thales/linorobot2/ros2_ws/src/hoverboard-driver-pkg/src/main.cpp:106:29:[m[K [01;31m[Kerror: [m[Kâ€˜[01m[Kstruct serial_feedback[m[Kâ€™ has no member named â€˜[01m[KbatVoltage[m[Kâ€™; did you mean â€˜[01m[Kvoltage[m[Kâ€™?
[13.550s]   106 |                         msg.[01;31m[KbatVoltage[m[K ^
[13.550s]       |                             [01;31m[K^~~~~~~~~~[m[K
[13.551s]       |                             [32m[Kvoltage[m[K
[13.551s] [01m[K/home/thales/linorobot2/ros2_ws/src/hoverboard-driver-pkg/src/main.cpp:107:29:[m[K [01;31m[Kerror: [m[Kâ€˜[01m[Kstruct serial_feedback[m[Kâ€™ has no member named â€˜[01m[KboardTemp[m[Kâ€™
[13.552s]   107 |                         msg.[01;31m[KboardTemp[m[K ^
[13.552s]       |                             [01;31m[K^~~~~~~~~[m[K
[13.553s] [01m[K/home/thales/linorobot2/ros2_ws/src/hoverboard-driver-pkg/src/main.cpp:108:29:[m[K [01;31m[Kerror: [m[Kâ€˜[01m[Kstruct serial_feedback[m[Kâ€™ has no member named â€˜[01m[KcmdLed[m[Kâ€™; did you mean â€˜[01m[Kcmd_led[m[Kâ€™?
[13.553s]   108 |                         msg.[01;31m[KcmdLed[m[K);
[13.554s]       |                             [01;31m[K^~~~~~[m[K
[13.554s]       |                             [32m[Kcmd_led[m[K
[13.555s] [01m[K/home/thales/linorobot2/ros2_ws/src/hoverboard-driver-pkg/src/main.cpp:111:25:[m[K [01;31m[Kerror: [m[Kâ€˜[01m[Kstd_msgs[m[Kâ€™ has not been declared
[13.555s]   111 |                         [01;31m[Kstd_msgs[m[K::msg::Float64 f;
[13.556s]       |                         [01;31m[K^~~~~~~~[m[K
[13.569s] [01m[K/home/thales/linorobot2/ros2_ws/src/hoverboard-driver-pkg/src/main.cpp:113:25:[m[K [01;31m[Kerror: [m[Kâ€˜[01m[Kf[m[Kâ€™ was not declared in this scope
[13.569s]   113 |                         [01;31m[Kf[m[K.data = (double)msg.batVoltage/100.0;
[13.570s]       |                         [01;31m[K^[m[K
[13.570s] [01m[K/home/thales/linorobot2/ros2_ws/src/hoverboard-driver-pkg/src/main.cpp:113:46:[m[K [01;31m[Kerror: [m[Kâ€˜[01m[Kstruct serial_feedback[m[Kâ€™ has no member named â€˜[01m[KbatVoltage[m[Kâ€™; did you mean â€˜[01m[Kvoltage[m[Kâ€™?
[13.571s]   113 |                         f.data = (double)msg.[01;31m[KbatVoltage[m[K/100.0;
[13.571s]       |                                              [01;31m[K^~~~~~~~~~[m[K
[13.572s]       |                                              [32m[Kvoltage[m[K
[13.605s] [01m[K/home/thales/linorobot2/ros2_ws/src/hoverboard-driver-pkg/src/main.cpp:114:25:[m[K [01;31m[Kerror: [m[Kâ€˜[01m[Kvoltage_pub_[m[Kâ€™ was not declared in this scope
[13.606s]   114 |                         [01;31m[Kvoltage_pub_[m[K->publish(f);
[13.606s]       |                         [01;31m[K^~~~~~~~~~~~[m[K
[13.607s] [01m[K/home/thales/linorobot2/ros2_ws/src/hoverboard-driver-pkg/src/main.cpp:116:46:[m[K [01;31m[Kerror: [m[Kâ€˜[01m[Kstruct serial_feedback[m[Kâ€™ has no member named â€˜[01m[KboardTemp[m[Kâ€™
[13.607s]   116 |                         f.data = (double)msg.[01;31m[KboardTemp[m[K/10.0;
[13.608s]       |                                              [01;31m[K^~~~~~~~~[m[K
[13.632s] [01m[K/home/thales/linorobot2/ros2_ws/src/hoverboard-driver-pkg/src/main.cpp:117:25:[m[K [01;31m[Kerror: [m[Kâ€˜[01m[Ktemp_pub_[m[Kâ€™ was not declared in this scope
[13.632s]   117 |                         [01;31m[Ktemp_pub_[m[K->publish(f);
[13.633s]       |                         [01;31m[K^~~~~~~~~[m[K
[13.633s] [01m[K/home/thales/linorobot2/ros2_ws/src/hoverboard-driver-pkg/src/main.cpp:119:46:[m[K [01;31m[Kerror: [m[Kâ€˜[01m[Kstruct serial_feedback[m[Kâ€™ has no member named â€˜[01m[KspeedL_meas[m[Kâ€™
[13.634s]   119 |                         f.data = (double)msg.[01;31m[KspeedL_meas[m[K;
[13.634s]       |                                              [01;31m[K^~~~~~~~~~~[m[K
[13.658s] [01m[K/home/thales/linorobot2/ros2_ws/src/hoverboard-driver-pkg/src/main.cpp:120:25:[m[K [01;31m[Kerror: [m[Kâ€˜[01m[Kvel_pub_[m[Kâ€™ was not declared in this scope
[13.658s]   120 |                         [01;31m[Kvel_pub_[m[K[0]->publish(f);
[13.659s]       |                         [01;31m[K^~~~~~~~[m[K
[13.684s] [01m[K/home/thales/linorobot2/ros2_ws/src/hoverboard-driver-pkg/src/main.cpp:125:25:[m[K [01;31m[Kerror: [m[Kâ€˜[01m[Kcmd_pub_[m[Kâ€™ was not declared in this scope
[13.684s]   125 |                         [01;31m[Kcmd_pub_[m[K[0]->publish(f);
[13.685s]       |                         [01;31m[K^~~~~~~~[m[K
[24.791s] gmake[2]: *** [CMakeFiles/hoverboard-driver.dir/build.make:76: CMakeFiles/hoverboard-driver.dir/src/main.cpp.o] Error 1
[24.792s] gmake[1]: *** [CMakeFiles/Makefile2:137: CMakeFiles/hoverboard-driver.dir/all] Error 2
[24.793s] gmake: *** [Makefile:146: all] Error 2
[24.802s] Invoked command in '/home/thales/linorobot2/ros2_ws/build/hoverboard-driver-pkg' returned '2': CMAKE_PREFIX_PATH=${CMAKE_PREFIX_PATH}:/home/thales/linorobot2/ros2_ws/install/bringup:/opt/ros/humble /usr/bin/cmake --build /home/thales/linorobot2/ros2_ws/build/hoverboard-driver-pkg -- -j4 -l4
