[0.117s] Invoking command in '/home/thales/linorobot2/ros2_ws/build/hoverboard-driver-pkg': CMAKE_PREFIX_PATH=${CMAKE_PREFIX_PATH}:/home/thales/linorobot2/ros2_ws/install/bringup:/opt/ros/humble /usr/bin/cmake --build /home/thales/linorobot2/ros2_ws/build/hoverboard-driver-pkg -- -j4 -l4
[0.367s] [35m[1mConsolidate compiler generated dependencies of target hoverboard-driver[0m
[0.481s] [ 50%] [32mBuilding CXX object CMakeFiles/hoverboard-driver.dir/src/main.cpp.o[0m
[13.322s] In file included from [01m[K/opt/ros/humble/include/rclcpp/rclcpp/client.hpp:40[m[K,
[13.323s]                  from [01m[K/opt/ros/humble/include/rclcpp/rclcpp/callback_group.hpp:24[m[K,
[13.324s]                  from [01m[K/opt/ros/humble/include/rclcpp/rclcpp/any_executable.hpp:20[m[K,
[13.324s]                  from [01m[K/opt/ros/humble/include/rclcpp/rclcpp/memory_strategy.hpp:25[m[K,
[13.325s]                  from [01m[K/opt/ros/humble/include/rclcpp/rclcpp/memory_strategies.hpp:18[m[K,
[13.325s]                  from [01m[K/opt/ros/humble/include/rclcpp/rclcpp/executor_options.hpp:20[m[K,
[13.326s]                  from [01m[K/opt/ros/humble/include/rclcpp/rclcpp/executor.hpp:37[m[K,
[13.326s]                  from [01m[K/opt/ros/humble/include/rclcpp/rclcpp/executors/multi_threaded_executor.hpp:25[m[K,
[13.326s]                  from [01m[K/opt/ros/humble/include/rclcpp/rclcpp/executors.hpp:21[m[K,
[13.327s]                  from [01m[K/opt/ros/humble/include/rclcpp/rclcpp/rclcpp.hpp:155[m[K,
[13.327s]                  from [01m[K/home/thales/linorobot2/ros2_ws/src/hoverboard-driver-pkg/src/main.cpp:1[m[K:
[13.328s] [01m[K/home/thales/linorobot2/ros2_ws/src/hoverboard-driver-pkg/src/main.cpp:[m[K In member function â€˜[01m[Kvoid driver_node::protocol_recv(uint8_t)[m[Kâ€™:
[13.328s] [01m[K/home/thales/linorobot2/ros2_ws/src/hoverboard-driver-pkg/src/main.cpp:187:54:[m[K [01;31m[Kerror: [m[Kâ€˜[01m[Knode[m[Kâ€™ was not declared in this scope; did you mean â€˜[01m[KNode[m[Kâ€™?
[13.329s]   187 |                           RCLCPP_ERROR([01;31m[Knode[m[K->get_logger(), "Failed to get system time");
[13.329s]       |                                        [01;31m[K^~~~[m[K
[13.329s] 
[13.330s] [01m[K/home/thales/linorobot2/ros2_ws/src/hoverboard-driver-pkg/src/main.cpp:187:41:[m[K [01;31m[Kerror: [m[Ktemplate argument 1 is invalid
[13.330s]   187 |                                        [01;31m[KRCLCPP_ERROR[m[K(node->get_logger(), "Failed to get system time");
[13.331s]       |                                        [01;31m[K^~~~~~~~~~~~[m[K
[13.331s] 
[13.332s] [01m[K/home/thales/linorobot2/ros2_ws/src/hoverboard-driver-pkg/src/main.cpp:187:41:[m[K [01;31m[Kerror: [m[Kâ€˜[01m[K<declaration error>[m[Kâ€™ is not a template [[01;31m[K]8;;https://gcc.gnu.org/onlinedocs/gcc/Warning-Options.html#index-fpermissive-fpermissive]8;;[m[K]
[13.332s]   187 |                                        [01;31m[KRCLCPP_ERROR[m[K(node->get_logger(), "Failed to get system time");
[13.332s]       |                                        [01;31m[K^~~~~~~~~~~~[m[K
[13.333s] 
[13.334s] [01m[K/home/thales/linorobot2/ros2_ws/src/hoverboard-driver-pkg/src/main.cpp:187:41:[m[K [01;31m[Kerror: [m[Ktemplate argument 1 is invalid
[13.334s]   187 |                                        [01;31m[KRCLCPP_ERROR[m[K(node->get_logger(), "Failed to get system time");
[13.335s]       |                                        [01;31m[K^~~~~~~~~~~~[m[K
[13.335s] 
[13.336s] [01m[K/home/thales/linorobot2/ros2_ws/src/hoverboard-driver-pkg/src/main.cpp:187:41:[m[K [01;31m[Kerror: [m[Kâ€˜[01m[K<declaration error>[m[Kâ€™ is not a template [[01;31m[K]8;;https://gcc.gnu.org/onlinedocs/gcc/Warning-Options.html#index-fpermissive-fpermissive]8;;[m[K]
[13.337s]   187 |                                        [01;31m[KRCLCPP_ERROR[m[K(node->get_logger(), "Failed to get system time");
[13.337s]       |                                        [01;31m[K^~~~~~~~~~~~[m[K
[13.338s] 
[13.338s] [01m[K/home/thales/linorobot2/ros2_ws/src/hoverboard-driver-pkg/src/main.cpp:187:41:[m[K [01;31m[Kerror: [m[Ktemplate argument 1 is invalid
[13.339s]   187 |                                        [01;31m[KRCLCPP_ERROR[m[K(node->get_logger(), "Failed to get system time");
[13.340s]       |                                        [01;31m[K^~~~~~~~~~~~[m[K
[13.340s] 
[24.910s] gmake[2]: *** [CMakeFiles/hoverboard-driver.dir/build.make:76: CMakeFiles/hoverboard-driver.dir/src/main.cpp.o] Error 1
[24.912s] gmake[1]: *** [CMakeFiles/Makefile2:137: CMakeFiles/hoverboard-driver.dir/all] Error 2
[24.913s] gmake: *** [Makefile:146: all] Error 2
[24.921s] Invoked command in '/home/thales/linorobot2/ros2_ws/build/hoverboard-driver-pkg' returned '2': CMAKE_PREFIX_PATH=${CMAKE_PREFIX_PATH}:/home/thales/linorobot2/ros2_ws/install/bringup:/opt/ros/humble /usr/bin/cmake --build /home/thales/linorobot2/ros2_ws/build/hoverboard-driver-pkg -- -j4 -l4
