[0.134s] Invoking command in '/home/thales/linorobot2/ros2_ws/build/hoverboard-driver-pkg': CMAKE_PREFIX_PATH=${CMAKE_PREFIX_PATH}:/home/thales/linorobot2/ros2_ws/install/bringup:/opt/ros/humble /usr/bin/cmake --build /home/thales/linorobot2/ros2_ws/build/hoverboard-driver-pkg -- -j4 -l4
[0.342s] [35m[1mConsolidate compiler generated dependencies of target hoverboard-driver[0m
[0.453s] [ 50%] [32mBuilding CXX object CMakeFiles/hoverboard-driver.dir/src/main.cpp.o[0m
[12.055s] [01m[K/home/thales/linorobot2/ros2_ws/src/hoverboard-driver-pkg/src/main.cpp:155:14:[m[K [01;31m[Kerror: [m[Kâ€˜[01m[KHoverboard[m[Kâ€™ has not been declared
[12.056s]   155 |         void [01;31m[KHoverboard[m[K::write()
[12.056s]       |              [01;31m[K^~~~~~~~~~[m[K
[12.292s] [01m[K/home/thales/linorobot2/ros2_ws/src/hoverboard-driver-pkg/src/main.cpp:[m[K In member function â€˜[01m[Kvoid driver_node::write()[m[Kâ€™:
[12.292s] [01m[K/home/thales/linorobot2/ros2_ws/src/hoverboard-driver-pkg/src/main.cpp:171:67:[m[K [01;31m[Kerror: [m[Kâ€˜[01m[Kstruct serial_command[m[Kâ€™ has no member named â€˜[01m[Ksteer[m[Kâ€™
[12.293s]   171 |             command.checksum = (uint16_t)(command.start ^ command.[01;31m[Ksteer[m[K ^ command.speed);
[12.293s]       |                                                                   [01;31m[K^~~~~[m[K
[12.293s] [01m[K/home/thales/linorobot2/ros2_ws/src/hoverboard-driver-pkg/src/main.cpp:171:83:[m[K [01;31m[Kerror: [m[Kâ€˜[01m[Kstruct serial_command[m[Kâ€™ has no member named â€˜[01m[Kspeed[m[Kâ€™
[12.294s]   171 |             command.checksum = (uint16_t)(command.start ^ command.steer ^ command.[01;31m[Kspeed[m[K);
[12.294s]       |                                                                                   [01;31m[K^~~~~[m[K
[22.679s] gmake[2]: *** [CMakeFiles/hoverboard-driver.dir/build.make:76: CMakeFiles/hoverboard-driver.dir/src/main.cpp.o] Error 1
[22.680s] gmake[1]: *** [CMakeFiles/Makefile2:137: CMakeFiles/hoverboard-driver.dir/all] Error 2
[22.681s] gmake: *** [Makefile:146: all] Error 2
[22.689s] Invoked command in '/home/thales/linorobot2/ros2_ws/build/hoverboard-driver-pkg' returned '2': CMAKE_PREFIX_PATH=${CMAKE_PREFIX_PATH}:/home/thales/linorobot2/ros2_ws/install/bringup:/opt/ros/humble /usr/bin/cmake --build /home/thales/linorobot2/ros2_ws/build/hoverboard-driver-pkg -- -j4 -l4
